<?xml version="1.0" encoding="UTF-8"?>
<testng-results ignored="0" total="1" passed="1" failed="0" skipped="0">
  <reporter-output>
  </reporter-output>
  <suite started-at="2022-07-05T11:13:05 IST" name="Default suite" finished-at="2022-07-05T11:13:24 IST" duration-ms="18040">
    <groups>
    </groups>
    <test started-at="2022-07-05T11:13:05 IST" name="Default test" finished-at="2022-07-05T11:13:24 IST" duration-ms="18040">
      <class name="facebook.selenium.Facebook">
        <test-method signature="Login()[pri:0, instance:facebook.selenium.Facebook@31d7b7bf]" started-at="2022-07-05T11:13:06 IST" name="Login" finished-at="2022-07-05T11:13:24 IST" duration-ms="17962" status="PASS">
          <reporter-output>
          </reporter-output>
        </test-method> <!-- Login -->
      </class> <!-- facebook.selenium.Facebook -->
    </test> <!-- Default test -->
  </suite> <!-- Default suite -->
</testng-results>
