<?xml version="1.0" encoding="UTF-8"?>
<testng-results ignored="0" total="2" passed="2" failed="0" skipped="0">
  <reporter-output>
  </reporter-output>
  <suite started-at="2022-07-05T12:31:50 IST" name="Default suite" finished-at="2022-07-05T12:32:36 IST" duration-ms="46605">
    <groups>
    </groups>
    <test started-at="2022-07-05T12:31:50 IST" name="Default test" finished-at="2022-07-05T12:32:36 IST" duration-ms="46605">
      <class name="facebook.selenium.Facebook">
        <test-method signature="Login()[pri:0, instance:facebook.selenium.Facebook@635eaaf1]" started-at="2022-07-05T12:31:50 IST" name="Login" finished-at="2022-07-05T12:32:08 IST" duration-ms="18762" status="PASS">
          <reporter-output>
          </reporter-output>
        </test-method> <!-- Login -->
        <test-method signature="registration()[pri:0, instance:facebook.selenium.Facebook@635eaaf1]" started-at="2022-07-05T12:32:08 IST" name="registration" finished-at="2022-07-05T12:32:36 IST" duration-ms="27737" status="PASS">
          <reporter-output>
          </reporter-output>
        </test-method> <!-- registration -->
      </class> <!-- facebook.selenium.Facebook -->
    </test> <!-- Default test -->
  </suite> <!-- Default suite -->
</testng-results>
